<?xml version="1.0" encoding="UTF-8"?>
<testng-results skipped="0" failed="0" ignored="0" total="3" passed="3">
  <reporter-output>
  </reporter-output>
  <suite name="Default suite" duration-ms="74" started-at="2019-08-17T18:52:41Z" finished-at="2019-08-17T18:52:41Z">
    <groups>
    </groups>
    <test name="Default test" duration-ms="74" started-at="2019-08-17T18:52:41Z" finished-at="2019-08-17T18:52:41Z">
      <class name="testcases.TestC">
        <test-method status="PASS" signature="loginTest(java.lang.String, java.lang.String, java.lang.String)[pri:0, instance:testcases.TestC@215be6bb]" name="loginTest" duration-ms="19" started-at="2019-08-17T18:52:41Z" data-provider="getData" finished-at="2019-08-17T18:52:41Z">
          <params>
            <param index="0">
              <value>
                <![CDATA[User1]]>
              </value>
            </param>
            <param index="1">
              <value>
                <![CDATA[Pass1]]>
              </value>
            </param>
            <param index="2">
              <value>
                <![CDATA[Mozilla]]>
              </value>
            </param>
          </params>
          <reporter-output>
          </reporter-output>
        </test-method> <!-- loginTest -->
        <test-method status="PASS" signature="loginTest(java.lang.String, java.lang.String, java.lang.String)[pri:0, instance:testcases.TestC@215be6bb]" name="loginTest" duration-ms="2" started-at="2019-08-17T18:52:41Z" data-provider="getData" finished-at="2019-08-17T18:52:41Z">
          <params>
            <param index="0">
              <value>
                <![CDATA[User2]]>
              </value>
            </param>
            <param index="1">
              <value>
                <![CDATA[Pass2]]>
              </value>
            </param>
            <param index="2">
              <value>
                <![CDATA[Chrome]]>
              </value>
            </param>
          </params>
          <reporter-output>
          </reporter-output>
        </test-method> <!-- loginTest -->
        <test-method status="PASS" signature="loginTest(java.lang.String, java.lang.String, java.lang.String)[pri:0, instance:testcases.TestC@215be6bb]" name="loginTest" duration-ms="1" started-at="2019-08-17T18:52:41Z" data-provider="getData" finished-at="2019-08-17T18:52:41Z">
          <params>
            <param index="0">
              <value>
                <![CDATA[User3]]>
              </value>
            </param>
            <param index="1">
              <value>
                <![CDATA[Pass3]]>
              </value>
            </param>
            <param index="2">
              <value>
                <![CDATA[IE]]>
              </value>
            </param>
          </params>
          <reporter-output>
          </reporter-output>
        </test-method> <!-- loginTest -->
      </class> <!-- testcases.TestC -->
    </test> <!-- Default test -->
  </suite> <!-- Default suite -->
</testng-results>
