<?xml version="1.0" encoding="UTF-8"?>
<!-- Generated by org.testng.reporters.JUnitXMLReporter -->
<testsuite hostname="DESKTOP-U9ISIKA" ignored="0" name="Default test" tests="3" failures="0" timestamp="17 Aug 2019 18:52:41 GMT" time="0.074" errors="0">
  <testcase name="loginTest" time="0.019" classname="testcases.TestC"/>
  <testcase name="loginTest" time="0.002" classname="testcases.TestC"/>
  <testcase name="loginTest" time="0.001" classname="testcases.TestC"/>
</testsuite> <!-- Default test -->
